<?xml version="1.0" encoding="UTF-8"?>
<!-- Generated by org.testng.reporters.JUnitReportReporter -->
<testsuite hostname="LAPTOP-EFBOGEN7" failures="0" tests="2" name="FourthProjectAutomation.FourthTask" time="2.367" errors="0" timestamp="2024-07-31T23:19:19 EET" skipped="0">
  <testcase classname="FourthProjectAutomation.FourthTask" name="LoginTest" time="1.770"/>
  <system-out/>
  <testcase classname="FourthProjectAutomation.FourthTask" name="Add4ItemsToCartTest" time="0.597"/>
  <system-out/>
</testsuite> <!-- FourthProjectAutomation.FourthTask -->
